Removed Pin From Net: NetName=GND Pin=IC1-1
Removed Pin From Net: NetName=VCC Pin=IC1-2
Removed Pin From Net: NetName=EN Pin=IC1-3
Removed Pin From Net: NetName=SDA Pin=IC1-12
Removed Pin From Net: NetName=SCL Pin=IC1-17
Removed Pin From Net: NetName=IO0 Pin=IC1-26
Removed Pin From Net: NetName=SDO Pin=IC1-28
Removed Pin From Net: NetName=SCK Pin=IC1-29
Removed Pin From Net: NetName=SDI Pin=IC1-30
Removed Pin From Net: NetName=CS Pin=IC1-34
Removed Pin From Net: NetName=RX Pin=IC1-36
Removed Pin From Net: NetName=TX Pin=IC1-37
Removed Pin From Net: NetName=GND Pin=IC1-40
Removed Pin From Net: NetName=GND Pin=IC1-41
Removed Pin From Net: NetName=GND Pin=IC1-42
Removed Pin From Net: NetName=GND Pin=IC1-43
Removed Pin From Net: NetName=GND Pin=IC1-44
Removed Pin From Net: NetName=GND Pin=IC1-45
Removed Pin From Net: NetName=GND Pin=IC1-46
Removed Pin From Net: NetName=GND Pin=IC1-47
Removed Pin From Net: NetName=GND Pin=IC1-48
Removed Pin From Net: NetName=GND Pin=IC1-49
Removed Member From Class: ClassName=Sheet1 Member=IC1
Change Component Designator: OldDesignator=J? NewDesignator=J2
Added Component: Designator=IC?(ESP32S3WROOM1)
Add component (AddParameter): Name = "Arrow Part Number"; Value = ""; VariantName = "[No Variations]"
Add component (AddParameter): Name = "Arrow Price/Stock"; Value = ""; VariantName = "[No Variations]"
Add component (AddParameter): Name = "Datasheet Link"; Value = "https://www.mouser.com/catalog/specsheets/Espressif_ESP32_S3_WROOM_1_1U_Preliminary.pdf"; VariantName = "[No Variations]"
Add component (AddParameter): Name = "Height"; Value = "3.25mm"; VariantName = "[No Variations]"
Add component (AddParameter): Name = "Manufacturer_Name"; Value = "Espressif Systems"; VariantName = "[No Variations]"
Add component (AddParameter): Name = "Manufacturer_Part_Number"; Value = "ESP32-S3-WROOM-1"; VariantName = "[No Variations]"
Add component (AddParameter): Name = "Mouser Part Number"; Value = ""; VariantName = "[No Variations]"
Add component (AddParameter): Name = "Mouser Price/Stock"; Value = ""; VariantName = "[No Variations]"
Added Pin To Net: NetName=GND Pin=IC?-1
Added Pin To Net: NetName=VCC Pin=IC?-2
Added Pin To Net: NetName=EN Pin=IC?-3
Added Pin To Net: NetName=SDA Pin=IC?-12
Added Pin To Net: NetName=SCL Pin=IC?-17
Added Pin To Net: NetName=IO0 Pin=IC?-26
Added Pin To Net: NetName=SDO Pin=IC?-28
Added Pin To Net: NetName=SCK Pin=IC?-29
Added Pin To Net: NetName=SDI Pin=IC?-30
Added Pin To Net: NetName=CS Pin=IC?-34
Added Pin To Net: NetName=RX Pin=IC?-36
Added Pin To Net: NetName=TX Pin=IC?-37
Added Pin To Net: NetName=GND Pin=IC?-40
Added Pin To Net: NetName=GND Pin=IC?-41
Added Pin To Net: NetName=GND Pin=IC?-42
Added Pin To Net: NetName=GND Pin=IC?-43
Added Pin To Net: NetName=GND Pin=IC?-44
Added Pin To Net: NetName=GND Pin=IC?-45
Added Pin To Net: NetName=GND Pin=IC?-46
Added Pin To Net: NetName=GND Pin=IC?-47
Added Pin To Net: NetName=GND Pin=IC?-48
Added Pin To Net: NetName=GND Pin=IC?-49
Added Member To Class: ClassName=Sheet1 Member=Component IC? ESP32-S3-WROOM-1
